{"C:\\Users\\Shamil\\Desktop\\VUE.js\\7\\babel.config.js": {"path":"C:\\Users\\Shamil\\Desktop\\VUE.js\\7\\babel.config.js","statementMap":{"0":{"start":{"line":1,"column":0},"end":{"line":8,"column":1}}},"fnMap":{},"branchMap":{},"s":{"0":0},"f":{},"b":{}}
,"C:\\Users\\Shamil\\Desktop\\VUE.js\\7\\vue.config.js": {"path":"C:\\Users\\Shamil\\Desktop\\VUE.js\\7\\vue.config.js","statementMap":{"0":{"start":{"line":1,"column":25},"end":{"line":1,"column":52}},"1":{"start":{"line":2,"column":0},"end":{"line":4,"column":2}}},"fnMap":{},"branchMap":{},"s":{"0":0,"1":0},"f":{},"b":{}}
,"C:\\Users\\Shamil\\Desktop\\VUE.js\\7\\src\\App.vue": {"path":"C:\\Users\\Shamil\\Desktop\\VUE.js\\7\\src\\App.vue","statementMap":{"0":{"start":{"line":29,"column":0},"end":{"line":29,"column":null}},"1":{"start":{"line":30,"column":0},"end":{"line":30,"column":null}},"2":{"start":{"line":31,"column":0},"end":{"line":31,"column":null}}},"fnMap":{},"branchMap":{},"s":{"0":0,"1":0,"2":0},"f":{},"b":{}}
,"C:\\Users\\Shamil\\Desktop\\VUE.js\\7\\src\\main.js": {"path":"C:\\Users\\Shamil\\Desktop\\VUE.js\\7\\src\\main.js","statementMap":{"0":{"start":{"line":8,"column":0},"end":{"line":8,"column":33}},"1":{"start":{"line":9,"column":0},"end":{"line":9,"column":17}},"2":{"start":{"line":10,"column":0},"end":{"line":10,"column":19}},"3":{"start":{"line":12,"column":0},"end":{"line":16,"column":18}},"4":{"start":{"line":15,"column":15},"end":{"line":15,"column":21}}},"fnMap":{"0":{"name":"(anonymous_0)","decl":{"start":{"line":15,"column":10},"end":{"line":15,"column":11}},"loc":{"start":{"line":15,"column":15},"end":{"line":15,"column":21}},"line":15}},"branchMap":{},"s":{"0":0,"1":0,"2":0,"3":0,"4":0},"f":{"0":0},"b":{}}
,"C:\\Users\\Shamil\\Desktop\\VUE.js\\7\\src\\components\\List.vue": {"path":"C:\\Users\\Shamil\\Desktop\\VUE.js\\7\\src\\components\\List.vue","statementMap":{"0":{"start":{"line":18,"column":0},"end":{"line":18,"column":null}}},"fnMap":{},"branchMap":{},"s":{"0":1},"f":{},"b":{}}
,"C:\\Users\\Shamil\\Desktop\\VUE.js\\7\\src\\plugins\\context.js": {"path":"C:\\Users\\Shamil\\Desktop\\VUE.js\\7\\src\\plugins\\context.js","statementMap":{"0":{"start":{"line":3,"column":4},"end":{"line":17,"column":6}},"1":{"start":{"line":8,"column":8},"end":{"line":8,"column":53}},"2":{"start":{"line":9,"column":33},"end":{"line":9,"column":36}},"3":{"start":{"line":10,"column":30},"end":{"line":10,"column":61}},"4":{"start":{"line":11,"column":8},"end":{"line":11,"column":99}},"5":{"start":{"line":15,"column":8},"end":{"line":15,"column":59}}},"fnMap":{"0":{"name":"(anonymous_0)","decl":{"start":{"line":2,"column":2},"end":{"line":2,"column":3}},"loc":{"start":{"line":2,"column":15},"end":{"line":18,"column":3}},"line":2},"1":{"name":"(anonymous_1)","decl":{"start":{"line":6,"column":6},"end":{"line":6,"column":7}},"loc":{"start":{"line":6,"column":26},"end":{"line":13,"column":7}},"line":6},"2":{"name":"(anonymous_2)","decl":{"start":{"line":14,"column":6},"end":{"line":14,"column":7}},"loc":{"start":{"line":14,"column":17},"end":{"line":16,"column":7}},"line":14}},"branchMap":{},"s":{"0":0,"1":0,"2":0,"3":0,"4":0,"5":0},"f":{"0":0,"1":0,"2":0},"b":{}}
,"C:\\Users\\Shamil\\Desktop\\VUE.js\\7\\src\\router\\index.js": {"path":"C:\\Users\\Shamil\\Desktop\\VUE.js\\7\\src\\router\\index.js","statementMap":{"0":{"start":{"line":4,"column":22},"end":{"line":21,"column":1}},"1":{"start":{"line":13,"column":21},"end":{"line":13,"column":53}},"2":{"start":{"line":23,"column":15},"end":{"line":27,"column":2}}},"fnMap":{"0":{"name":"(anonymous_0)","decl":{"start":{"line":13,"column":15},"end":{"line":13,"column":16}},"loc":{"start":{"line":13,"column":21},"end":{"line":13,"column":53}},"line":13}},"branchMap":{},"s":{"0":0,"1":0,"2":0},"f":{"0":0},"b":{}}
,"C:\\Users\\Shamil\\Desktop\\VUE.js\\7\\src\\store\\index.js": {"path":"C:\\Users\\Shamil\\Desktop\\VUE.js\\7\\src\\store\\index.js","statementMap":{"0":{"start":{"line":4,"column":0},"end":{"line":4,"column":14}},"1":{"start":{"line":20,"column":6},"end":{"line":20,"column":29}},"2":{"start":{"line":23,"column":14},"end":{"line":23,"column":36}},"3":{"start":{"line":24,"column":12},"end":{"line":24,"column":25}},"4":{"start":{"line":25,"column":6},"end":{"line":25,"column":30}},"5":{"start":{"line":28,"column":20},"end":{"line":28,"column":59}},"6":{"start":{"line":29,"column":14},"end":{"line":29,"column":35}},"7":{"start":{"line":30,"column":6},"end":{"line":30,"column":47}},"8":{"start":{"line":33,"column":29},"end":{"line":33,"column":46}},"9":{"start":{"line":35,"column":6},"end":{"line":37,"column":7}},"10":{"start":{"line":35,"column":38},"end":{"line":35,"column":40}},"11":{"start":{"line":35,"column":57},"end":{"line":35,"column":62}},"12":{"start":{"line":42,"column":39},"end":{"line":42,"column":64}},"13":{"start":{"line":43,"column":38},"end":{"line":43,"column":67}},"14":{"start":{"line":44,"column":41},"end":{"line":44,"column":68}},"15":{"start":{"line":45,"column":41},"end":{"line":48,"column":5}},"16":{"start":{"line":49,"column":40},"end":{"line":55,"column":6}},"17":{"start":{"line":50,"column":6},"end":{"line":54,"column":7}},"18":{"start":{"line":51,"column":8},"end":{"line":51,"column":23}},"19":{"start":{"line":53,"column":8},"end":{"line":53,"column":19}},"20":{"start":{"line":61,"column":19},"end":{"line":76,"column":8}},"21":{"start":{"line":62,"column":8},"end":{"line":75,"column":17}},"22":{"start":{"line":63,"column":10},"end":{"line":74,"column":13}},"23":{"start":{"line":77,"column":6},"end":{"line":77,"column":35}},"24":{"start":{"line":78,"column":6},"end":{"line":78,"column":49}}},"fnMap":{"0":{"name":"(anonymous_0)","decl":{"start":{"line":19,"column":18},"end":{"line":19,"column":19}},"loc":{"start":{"line":19,"column":27},"end":{"line":21,"column":5}},"line":19},"1":{"name":"(anonymous_1)","decl":{"start":{"line":22,"column":18},"end":{"line":22,"column":19}},"loc":{"start":{"line":22,"column":27},"end":{"line":26,"column":5}},"line":22},"2":{"name":"(anonymous_2)","decl":{"start":{"line":27,"column":22},"end":{"line":27,"column":23}},"loc":{"start":{"line":27,"column":31},"end":{"line":31,"column":5}},"line":27},"3":{"name":"(anonymous_3)","decl":{"start":{"line":33,"column":20},"end":{"line":33,"column":21}},"loc":{"start":{"line":33,"column":29},"end":{"line":33,"column":46}},"line":33},"4":{"name":"(anonymous_4)","decl":{"start":{"line":34,"column":14},"end":{"line":34,"column":15}},"loc":{"start":{"line":35,"column":6},"end":{"line":37,"column":7}},"line":35},"5":{"name":"(anonymous_5)","decl":{"start":{"line":35,"column":26},"end":{"line":35,"column":27}},"loc":{"start":{"line":35,"column":38},"end":{"line":35,"column":40}},"line":35},"6":{"name":"(anonymous_6)","decl":{"start":{"line":35,"column":47},"end":{"line":35,"column":48}},"loc":{"start":{"line":35,"column":57},"end":{"line":35,"column":62}},"line":35},"7":{"name":"(anonymous_7)","decl":{"start":{"line":42,"column":18},"end":{"line":42,"column":19}},"loc":{"start":{"line":42,"column":39},"end":{"line":42,"column":64}},"line":42},"8":{"name":"(anonymous_8)","decl":{"start":{"line":43,"column":18},"end":{"line":43,"column":19}},"loc":{"start":{"line":43,"column":38},"end":{"line":43,"column":67}},"line":43},"9":{"name":"(anonymous_9)","decl":{"start":{"line":44,"column":20},"end":{"line":44,"column":21}},"loc":{"start":{"line":44,"column":41},"end":{"line":44,"column":68}},"line":44},"10":{"name":"(anonymous_10)","decl":{"start":{"line":45,"column":21},"end":{"line":45,"column":22}},"loc":{"start":{"line":45,"column":41},"end":{"line":48,"column":5}},"line":45},"11":{"name":"(anonymous_11)","decl":{"start":{"line":49,"column":19},"end":{"line":49,"column":20}},"loc":{"start":{"line":49,"column":40},"end":{"line":55,"column":6}},"line":49},"12":{"name":"(anonymous_12)","decl":{"start":{"line":49,"column":78},"end":{"line":49,"column":79}},"loc":{"start":{"line":49,"column":88},"end":{"line":55,"column":5}},"line":49},"13":{"name":"(anonymous_13)","decl":{"start":{"line":60,"column":4},"end":{"line":60,"column":5}},"loc":{"start":{"line":60,"column":45},"end":{"line":79,"column":5}},"line":60},"14":{"name":"(anonymous_14)","decl":{"start":{"line":61,"column":37},"end":{"line":61,"column":38}},"loc":{"start":{"line":61,"column":58},"end":{"line":76,"column":7}},"line":61},"15":{"name":"(anonymous_15)","decl":{"start":{"line":62,"column":19},"end":{"line":62,"column":20}},"loc":{"start":{"line":62,"column":25},"end":{"line":75,"column":9}},"line":62}},"branchMap":{"0":{"loc":{"start":{"line":50,"column":6},"end":{"line":54,"column":7}},"type":"if","locations":[{"start":{"line":50,"column":6},"end":{"line":54,"column":7}},{"start":{"line":52,"column":12},"end":{"line":54,"column":7}}],"line":50},"1":{"loc":{"start":{"line":78,"column":31},"end":{"line":78,"column":47}},"type":"binary-expr","locations":[{"start":{"line":78,"column":31},"end":{"line":78,"column":42}},{"start":{"line":78,"column":46},"end":{"line":78,"column":47}}],"line":78}},"s":{"0":0,"1":0,"2":0,"3":0,"4":0,"5":0,"6":0,"7":0,"8":0,"9":0,"10":0,"11":0,"12":0,"13":0,"14":0,"15":0,"16":0,"17":0,"18":0,"19":0,"20":0,"21":0,"22":0,"23":0,"24":0},"f":{"0":0,"1":0,"2":0,"3":0,"4":0,"5":0,"6":0,"7":0,"8":0,"9":0,"10":0,"11":0,"12":0,"13":0,"14":0,"15":0},"b":{"0":[0,0],"1":[0,0]}}
}
